1731295106.610649 client started (4337): version 3.4, socket /tmp/tmux-0/default, protocol 8
1731295106.610928 on Linux 5.15.153.1-microsoft-standard-WSL2 #1 SMP Fri Mar 29 23:14:13 UTC 2024
1731295106.611032 using libevent 2.1.12-stable poll
1731295106.611132 using ncurses 6.4 20240113
1731295106.611238 flags are 0x18010000
1731295106.611339 socket is /tmp/tmux-0/default
1731295106.611442 trying connect
1731295106.611593 add peer 0x55bb66486130: 7 ((nil))
1731295106.611903 sending message 100 to peer 0x55bb66486130 (4 bytes)
1731295106.612021 sending message 111 to peer 0x55bb66486130 (8 bytes)
1731295106.612207 sending message 101 to peer 0x55bb66486130 (15 bytes)
1731295106.612299 sending message 109 to peer 0x55bb66486130 (4 bytes)
1731295106.612391 sending message 102 to peer 0x55bb66486130 (11 bytes)
1731295106.612482 sending message 108 to peer 0x55bb66486130 (55 bytes)
1731295106.612589 sending message 112 to peer 0x55bb66486130 (58 bytes)
1731295106.612682 sending message 112 to peer 0x55bb66486130 (5 bytes)
1731295106.612773 sending message 112 to peer 0x55bb66486130 (5 bytes)
1731295106.612865 sending message 112 to peer 0x55bb66486130 (6 bytes)
1731295106.612955 sending message 112 to peer 0x55bb66486130 (6 bytes)
1731295106.613045 sending message 112 to peer 0x55bb66486130 (11 bytes)
1731295106.613136 sending message 112 to peer 0x55bb66486130 (10 bytes)
1731295106.613226 sending message 112 to peer 0x55bb66486130 (13 bytes)
1731295106.613317 sending message 112 to peer 0x55bb66486130 (14 bytes)
1731295106.613407 sending message 112 to peer 0x55bb66486130 (19 bytes)
1731295106.613497 sending message 112 to peer 0x55bb66486130 (11 bytes)
1731295106.613640 sending message 112 to peer 0x55bb66486130 (10 bytes)
1731295106.613752 sending message 112 to peer 0x55bb66486130 (15 bytes)
1731295106.613853 sending message 112 to peer 0x55bb66486130 (21 bytes)
1731295106.613947 sending message 112 to peer 0x55bb66486130 (13 bytes)
1731295106.614038 sending message 112 to peer 0x55bb66486130 (7 bytes)
1731295106.614129 sending message 112 to peer 0x55bb66486130 (13 bytes)
1731295106.614219 sending message 112 to peer 0x55bb66486130 (7 bytes)
1731295106.614309 sending message 112 to peer 0x55bb66486130 (13 bytes)
1731295106.614399 sending message 112 to peer 0x55bb66486130 (9 bytes)
1731295106.614489 sending message 112 to peer 0x55bb66486130 (21 bytes)
1731295106.614587 sending message 112 to peer 0x55bb66486130 (13 bytes)
1731295106.614683 sending message 112 to peer 0x55bb66486130 (9 bytes)
1731295106.614774 sending message 112 to peer 0x55bb66486130 (16 bytes)
1731295106.614865 sending message 112 to peer 0x55bb66486130 (13 bytes)
1731295106.614955 sending message 112 to peer 0x55bb66486130 (9 bytes)
1731295106.615046 sending message 112 to peer 0x55bb66486130 (9 bytes)
1731295106.615136 sending message 112 to peer 0x55bb66486130 (12 bytes)
1731295106.615226 sending message 112 to peer 0x55bb66486130 (8 bytes)
1731295106.615316 sending message 112 to peer 0x55bb66486130 (8 bytes)
1731295106.615406 sending message 112 to peer 0x55bb66486130 (13 bytes)
1731295106.615496 sending message 112 to peer 0x55bb66486130 (7 bytes)
1731295106.615594 sending message 112 to peer 0x55bb66486130 (7 bytes)
1731295106.615693 sending message 112 to peer 0x55bb66486130 (9 bytes)
1731295106.615786 sending message 112 to peer 0x55bb66486130 (9 bytes)
1731295106.615876 sending message 112 to peer 0x55bb66486130 (15 bytes)
1731295106.615967 sending message 112 to peer 0x55bb66486130 (13 bytes)
1731295106.616058 sending message 112 to peer 0x55bb66486130 (12 bytes)
1731295106.616149 sending message 112 to peer 0x55bb66486130 (8 bytes)
1731295106.616239 sending message 112 to peer 0x55bb66486130 (14 bytes)
1731295106.616329 sending message 112 to peer 0x55bb66486130 (11 bytes)
1731295106.616418 sending message 112 to peer 0x55bb66486130 (9 bytes)
1731295106.616509 sending message 112 to peer 0x55bb66486130 (10 bytes)
1731295106.616601 sending message 112 to peer 0x55bb66486130 (10 bytes)
1731295106.616693 sending message 112 to peer 0x55bb66486130 (10 bytes)
1731295106.616797 sending message 112 to peer 0x55bb66486130 (10 bytes)
1731295106.616890 sending message 112 to peer 0x55bb66486130 (11 bytes)
1731295106.616979 sending message 112 to peer 0x55bb66486130 (12 bytes)
1731295106.617070 sending message 112 to peer 0x55bb66486130 (12 bytes)
1731295106.617160 sending message 112 to peer 0x55bb66486130 (12 bytes)
1731295106.617251 sending message 112 to peer 0x55bb66486130 (12 bytes)
1731295106.617341 sending message 112 to peer 0x55bb66486130 (12 bytes)
1731295106.617431 sending message 112 to peer 0x55bb66486130 (11 bytes)
1731295106.617521 sending message 112 to peer 0x55bb66486130 (11 bytes)
1731295106.617612 sending message 112 to peer 0x55bb66486130 (12 bytes)
1731295106.617717 sending message 112 to peer 0x55bb66486130 (12 bytes)
1731295106.617810 sending message 112 to peer 0x55bb66486130 (12 bytes)
1731295106.617936 sending message 112 to peer 0x55bb66486130 (12 bytes)
1731295106.618045 sending message 112 to peer 0x55bb66486130 (12 bytes)
1731295106.618145 sending message 112 to peer 0x55bb66486130 (9 bytes)
1731295106.618243 sending message 112 to peer 0x55bb66486130 (12 bytes)
1731295106.618334 sending message 112 to peer 0x55bb66486130 (13 bytes)
1731295106.618425 sending message 112 to peer 0x55bb66486130 (13 bytes)
1731295106.618515 sending message 112 to peer 0x55bb66486130 (13 bytes)
1731295106.618624 sending message 112 to peer 0x55bb66486130 (13 bytes)
1731295106.618729 sending message 112 to peer 0x55bb66486130 (13 bytes)
1731295106.618842 sending message 112 to peer 0x55bb66486130 (8 bytes)
1731295106.618950 sending message 112 to peer 0x55bb66486130 (11 bytes)
1731295106.619071 sending message 112 to peer 0x55bb66486130 (11 bytes)
1731295106.619173 sending message 112 to peer 0x55bb66486130 (11 bytes)
1731295106.619271 sending message 112 to peer 0x55bb66486130 (12 bytes)
1731295106.619364 sending message 112 to peer 0x55bb66486130 (12 bytes)
1731295106.619457 sending message 112 to peer 0x55bb66486130 (12 bytes)
1731295106.619549 sending message 112 to peer 0x55bb66486130 (12 bytes)
1731295106.619662 sending message 112 to peer 0x55bb66486130 (13 bytes)
1731295106.619753 sending message 112 to peer 0x55bb66486130 (13 bytes)
1731295106.619843 sending message 112 to peer 0x55bb66486130 (13 bytes)
1731295106.619933 sending message 112 to peer 0x55bb66486130 (8 bytes)
1731295106.620023 sending message 112 to peer 0x55bb66486130 (13 bytes)
1731295106.620116 sending message 112 to peer 0x55bb66486130 (13 bytes)
1731295106.620208 sending message 112 to peer 0x55bb66486130 (13 bytes)
1731295106.620300 sending message 112 to peer 0x55bb66486130 (13 bytes)
1731295106.620416 sending message 112 to peer 0x55bb66486130 (13 bytes)
1731295106.620530 sending message 112 to peer 0x55bb66486130 (12 bytes)
1731295106.620625 sending message 112 to peer 0x55bb66486130 (12 bytes)
1731295106.620716 sending message 112 to peer 0x55bb66486130 (12 bytes)
1731295106.620808 sending message 112 to peer 0x55bb66486130 (12 bytes)
1731295106.620897 sending message 112 to peer 0x55bb66486130 (13 bytes)
1731295106.620987 sending message 112 to peer 0x55bb66486130 (8 bytes)
1731295106.621078 sending message 112 to peer 0x55bb66486130 (13 bytes)
1731295106.621168 sending message 112 to peer 0x55bb66486130 (13 bytes)
1731295106.621270 sending message 112 to peer 0x55bb66486130 (13 bytes)
1731295106.621377 sending message 112 to peer 0x55bb66486130 (13 bytes)
1731295106.621471 sending message 112 to peer 0x55bb66486130 (13 bytes)
1731295106.621563 sending message 112 to peer 0x55bb66486130 (13 bytes)
1731295106.621653 sending message 112 to peer 0x55bb66486130 (13 bytes)
1731295106.621744 sending message 112 to peer 0x55bb66486130 (12 bytes)
1731295106.621834 sending message 112 to peer 0x55bb66486130 (12 bytes)
1731295106.621925 sending message 112 to peer 0x55bb66486130 (12 bytes)
1731295106.622014 sending message 112 to peer 0x55bb66486130 (8 bytes)
1731295106.622105 sending message 112 to peer 0x55bb66486130 (12 bytes)
1731295106.622195 sending message 112 to peer 0x55bb66486130 (13 bytes)
1731295106.622302 sending message 112 to peer 0x55bb66486130 (13 bytes)
1731295106.622394 sending message 112 to peer 0x55bb66486130 (13 bytes)
1731295106.622484 sending message 112 to peer 0x55bb66486130 (13 bytes)
1731295106.622574 sending message 112 to peer 0x55bb66486130 (13 bytes)
1731295106.622665 sending message 112 to peer 0x55bb66486130 (13 bytes)
1731295106.622755 sending message 112 to peer 0x55bb66486130 (13 bytes)
1731295106.622845 sending message 112 to peer 0x55bb66486130 (13 bytes)
1731295106.622935 sending message 112 to peer 0x55bb66486130 (12 bytes)
1731295106.623026 sending message 112 to peer 0x55bb66486130 (10 bytes)
1731295106.623116 sending message 112 to peer 0x55bb66486130 (12 bytes)
1731295106.623206 sending message 112 to peer 0x55bb66486130 (12 bytes)
1731295106.623304 sending message 112 to peer 0x55bb66486130 (12 bytes)
1731295106.623408 sending message 112 to peer 0x55bb66486130 (13 bytes)
1731295106.623500 sending message 112 to peer 0x55bb66486130 (13 bytes)
1731295106.623591 sending message 112 to peer 0x55bb66486130 (13 bytes)
1731295106.623681 sending message 112 to peer 0x55bb66486130 (13 bytes)
1731295106.623772 sending message 112 to peer 0x55bb66486130 (13 bytes)
1731295106.623862 sending message 112 to peer 0x55bb66486130 (13 bytes)
1731295106.623952 sending message 112 to peer 0x55bb66486130 (13 bytes)
1731295106.624043 sending message 112 to peer 0x55bb66486130 (10 bytes)
1731295106.624222 sending message 112 to peer 0x55bb66486130 (13 bytes)
1731295106.624318 sending message 112 to peer 0x55bb66486130 (12 bytes)
1731295106.624410 sending message 112 to peer 0x55bb66486130 (12 bytes)
1731295106.624505 sending message 112 to peer 0x55bb66486130 (12 bytes)
1731295106.624601 sending message 112 to peer 0x55bb66486130 (10 bytes)
1731295106.624694 sending message 112 to peer 0x55bb66486130 (10 bytes)
1731295106.624790 sending message 112 to peer 0x55bb66486130 (10 bytes)
1731295106.624884 sending message 112 to peer 0x55bb66486130 (12 bytes)
1731295106.624980 sending message 112 to peer 0x55bb66486130 (13 bytes)
1731295106.625074 sending message 112 to peer 0x55bb66486130 (13 bytes)
1731295106.625170 sending message 112 to peer 0x55bb66486130 (13 bytes)
1731295106.625265 sending message 112 to peer 0x55bb66486130 (13 bytes)
1731295106.625366 sending message 112 to peer 0x55bb66486130 (13 bytes)
1731295106.625466 sending message 112 to peer 0x55bb66486130 (10 bytes)
1731295106.625563 sending message 112 to peer 0x55bb66486130 (11 bytes)
1731295106.625659 sending message 112 to peer 0x55bb66486130 (12 bytes)
1731295106.625749 sending message 112 to peer 0x55bb66486130 (12 bytes)
1731295106.625844 sending message 112 to peer 0x55bb66486130 (12 bytes)
1731295106.625940 sending message 112 to peer 0x55bb66486130 (12 bytes)
1731295106.626035 sending message 112 to peer 0x55bb66486130 (12 bytes)
1731295106.626131 sending message 112 to peer 0x55bb66486130 (11 bytes)
1731295106.626226 sending message 112 to peer 0x55bb66486130 (12 bytes)
1731295106.626321 sending message 112 to peer 0x55bb66486130 (12 bytes)
1731295106.626418 sending message 112 to peer 0x55bb66486130 (13 bytes)
1731295106.626514 sending message 112 to peer 0x55bb66486130 (13 bytes)
1731295106.626608 sending message 112 to peer 0x55bb66486130 (13 bytes)
1731295106.626703 sending message 112 to peer 0x55bb66486130 (13 bytes)
1731295106.626799 sending message 112 to peer 0x55bb66486130 (13 bytes)
1731295106.626894 sending message 112 to peer 0x55bb66486130 (10 bytes)
1731295106.626989 sending message 112 to peer 0x55bb66486130 (9 bytes)
1731295106.627085 sending message 112 to peer 0x55bb66486130 (12 bytes)
1731295106.627180 sending message 112 to peer 0x55bb66486130 (13 bytes)
1731295106.627276 sending message 112 to peer 0x55bb66486130 (13 bytes)
1731295106.627370 sending message 112 to peer 0x55bb66486130 (13 bytes)
1731295106.627465 sending message 112 to peer 0x55bb66486130 (13 bytes)
1731295106.627580 sending message 112 to peer 0x55bb66486130 (13 bytes)
1731295106.627692 sending message 112 to peer 0x55bb66486130 (9 bytes)
1731295106.627789 sending message 112 to peer 0x55bb66486130 (12 bytes)
1731295106.627888 sending message 112 to peer 0x55bb66486130 (13 bytes)
1731295106.627984 sending message 112 to peer 0x55bb66486130 (13 bytes)
1731295106.628081 sending message 112 to peer 0x55bb66486130 (13 bytes)
1731295106.628176 sending message 112 to peer 0x55bb66486130 (13 bytes)
1731295106.628272 sending message 112 to peer 0x55bb66486130 (13 bytes)
1731295106.628367 sending message 112 to peer 0x55bb66486130 (11 bytes)
1731295106.628466 sending message 112 to peer 0x55bb66486130 (12 bytes)
1731295106.628561 sending message 112 to peer 0x55bb66486130 (13 bytes)
1731295106.628657 sending message 112 to peer 0x55bb66486130 (13 bytes)
1731295106.628752 sending message 112 to peer 0x55bb66486130 (13 bytes)
1731295106.628850 sending message 112 to peer 0x55bb66486130 (13 bytes)
1731295106.628945 sending message 112 to peer 0x55bb66486130 (13 bytes)
1731295106.629041 sending message 112 to peer 0x55bb66486130 (11 bytes)
1731295106.629136 sending message 112 to peer 0x55bb66486130 (12 bytes)
1731295106.629233 sending message 112 to peer 0x55bb66486130 (12 bytes)
1731295106.629328 sending message 112 to peer 0x55bb66486130 (12 bytes)
1731295106.629424 sending message 112 to peer 0x55bb66486130 (12 bytes)
1731295106.629527 sending message 112 to peer 0x55bb66486130 (12 bytes)
1731295106.629650 sending message 112 to peer 0x55bb66486130 (21 bytes)
1731295106.629776 sending message 112 to peer 0x55bb66486130 (12 bytes)
1731295106.629953 sending message 112 to peer 0x55bb66486130 (9 bytes)
1731295106.630142 sending message 112 to peer 0x55bb66486130 (6 bytes)
1731295106.630291 sending message 112 to peer 0x55bb66486130 (13 bytes)
1731295106.630493 sending message 112 to peer 0x55bb66486130 (10 bytes)
1731295106.630611 sending message 112 to peer 0x55bb66486130 (24 bytes)
1731295106.630730 sending message 112 to peer 0x55bb66486130 (13 bytes)
1731295106.630836 sending message 112 to peer 0x55bb66486130 (9 bytes)
1731295106.630934 sending message 112 to peer 0x55bb66486130 (70 bytes)
1731295106.631031 sending message 112 to peer 0x55bb66486130 (69 bytes)
1731295106.631133 sending message 112 to peer 0x55bb66486130 (12 bytes)
1731295106.631227 sending message 112 to peer 0x55bb66486130 (10 bytes)
1731295106.631381 sending message 112 to peer 0x55bb66486130 (10 bytes)
1731295106.631473 sending message 112 to peer 0x55bb66486130 (24 bytes)
1731295106.631572 sending message 112 to peer 0x55bb66486130 (13 bytes)
1731295106.631669 sending message 112 to peer 0x55bb66486130 (10 bytes)
1731295106.631766 sending message 112 to peer 0x55bb66486130 (10 bytes)
1731295106.631949 sending message 112 to peer 0x55bb66486130 (10 bytes)
1731295106.632053 sending message 112 to peer 0x55bb66486130 (13 bytes)
1731295106.632152 sending message 112 to peer 0x55bb66486130 (15 bytes)
1731295106.632251 sending message 112 to peer 0x55bb66486130 (5 bytes)
1731295106.632349 sending message 104 to peer 0x55bb66486130 (0 bytes)
1731295106.632450 sending message 110 to peer 0x55bb66486130 (0 bytes)
1731295106.632547 sending message 107 to peer 0x55bb66486130 (4 bytes)
1731295106.632647 sending message 105 to peer 0x55bb66486130 (16 bytes)
1731295106.632747 sending message 105 to peer 0x55bb66486130 (13 bytes)
1731295106.632851 sending message 105 to peer 0x55bb66486130 (429 bytes)
1731295106.632945 sending message 105 to peer 0x55bb66486130 (20 bytes)
1731295106.633041 sending message 105 to peer 0x55bb66486130 (29 bytes)
1731295106.633137 sending message 105 to peer 0x55bb66486130 (11 bytes)
1731295106.633233 sending message 105 to peer 0x55bb66486130 (26 bytes)
1731295106.633330 sending message 105 to peer 0x55bb66486130 (40 bytes)
1731295106.633426 sending message 105 to peer 0x55bb66486130 (24 bytes)
1731295106.633525 sending message 105 to peer 0x55bb66486130 (8 bytes)
1731295106.633627 sending message 105 to peer 0x55bb66486130 (34 bytes)
1731295106.633724 sending message 105 to peer 0x55bb66486130 (16 bytes)
1731295106.633816 sending message 105 to peer 0x55bb66486130 (11 bytes)
1731295106.633929 sending message 105 to peer 0x55bb66486130 (10 bytes)
1731295106.634026 sending message 105 to peer 0x55bb66486130 (13 bytes)
1731295106.634123 sending message 105 to peer 0x55bb66486130 (19 bytes)
1731295106.634219 sending message 105 to peer 0x55bb66486130 (23 bytes)
1731295106.634314 sending message 105 to peer 0x55bb66486130 (51 bytes)
1731295106.634410 sending message 105 to peer 0x55bb66486130 (8 bytes)
1731295106.634507 sending message 105 to peer 0x55bb66486130 (59 bytes)
1731295106.634601 sending message 105 to peer 0x55bb66486130 (43 bytes)
1731295106.634697 sending message 105 to peer 0x55bb66486130 (21 bytes)
1731295106.634798 sending message 105 to peer 0x55bb66486130 (11 bytes)
1731295106.634894 sending message 105 to peer 0x55bb66486130 (8 bytes)
1731295106.634985 sending message 105 to peer 0x55bb66486130 (32 bytes)
1731295106.635081 sending message 105 to peer 0x55bb66486130 (1817 bytes)
1731295106.635190 sending message 105 to peer 0x55bb66486130 (12 bytes)
1731295106.635287 sending message 105 to peer 0x55bb66486130 (16 bytes)
1731295106.635383 sending message 106 to peer 0x55bb66486130 (0 bytes)
1731295106.635520 sending message 200 to peer 0x55bb66486130 (4 bytes)
1731295106.635618 client loop enter
1731295106.638347 peer 0x55bb66486130 message 207
1731295106.638469 sending message 208 to peer 0x55bb66486130 (0 bytes)
1731295141.020298 client_signal: Hangup
1731295141.020501 sending message 205 to peer 0x55bb66486130 (0 bytes)
1731295141.020662 client loop exit
